<?xml version="1.0" encoding="UTF-8"?>
<!-- Generated by org.testng.reporters.JUnitReportReporter -->
<testsuite hostname="Lenovo" failures="0" tests="1" name="Sample.Sample" time="41.506" errors="0" timestamp="2020-05-16T08:58:51 IST" skipped="0">
  <testcase classname="Sample.Sample" name="google" time="41.506"/>
  <system-out/>
</testsuite> <!-- Sample.Sample -->
