<?xml version="1.0" encoding="UTF-8"?>
<!-- Generated by org.testng.reporters.JUnitReportReporter -->
<testsuite hostname="Lenovo" failures="0" tests="2" name="Sample1.Sample" time="0.029" errors="0" timestamp="2020-03-26T16:16:24 IST" skipped="0">
  <testcase classname="Sample1.Sample" name="Test2" time="0.008"/>
  <system-out/>
  <testcase classname="Sample1.Sample" name="Test1" time="0.021"/>
  <system-out/>
</testsuite> <!-- Sample1.Sample -->
