<?xml version="1.0" encoding="UTF-8"?>
<!-- Generated by org.testng.reporters.JUnitReportReporter -->
<testsuite hostname="Lenovo" failures="0" tests="10" name="Sample1.Sample1" time="0.112" errors="0" timestamp="2020-03-29T12:55:26 IST" skipped="0">
  <testcase classname="Sample1.Sample1" name="mainTest" time="0.003"/>
  <system-out/>
  <testcase classname="Sample1.Sample1" name="mainTest" time="0.006"/>
  <system-out/>
  <testcase classname="Sample1.Sample1" name="mainTest" time="0.011"/>
  <system-out/>
  <testcase classname="Sample1.Sample1" name="mainTest" time="0.002"/>
  <system-out/>
  <testcase classname="Sample1.Sample1" name="mainTest" time="0.004"/>
  <system-out/>
  <testcase classname="Sample1.Sample1" name="mainTest" time="0.008"/>
  <system-out/>
  <testcase classname="Sample1.Sample1" name="mainTest" time="0.048"/>
  <system-out/>
  <testcase classname="Sample1.Sample1" name="mainTest" time="0.003"/>
  <system-out/>
  <testcase classname="Sample1.Sample1" name="mainTest" time="0.016"/>
  <system-out/>
  <testcase classname="Sample1.Sample1" name="mainTest" time="0.011"/>
  <system-out/>
</testsuite> <!-- Sample1.Sample1 -->
