<?xml version="1.0" encoding="UTF-8"?>
<!-- Generated by org.testng.reporters.JUnitReportReporter -->
<testsuite hostname="Lenovo" failures="0" tests="1" name="Sample.Sample" time="68.297" errors="0" timestamp="2020-03-27T11:23:25 IST" skipped="0">
  <testcase classname="Sample.Sample" name="method" time="68.297"/>
  <system-out/>
</testsuite> <!-- Sample.Sample -->
